20/03/2024 14:22:57 Level : INFO / Message : début pg / Classe : Main / Méthode : main
20/03/2024 14:22:59 Level : INFO / Message : fin pg / Classe : Main / Méthode : main
21/03/2024 11:16:40 Level : INFO / Message : début pg / Classe : Main / Méthode : main
21/03/2024 11:16:42 Level : INFO / Message : fin pg / Classe : Main / Méthode : main
21/03/2024 11:17:17 Level : INFO / Message : début pg / Classe : Main / Méthode : main
21/03/2024 11:17:18 Level : INFO / Message : fin pg / Classe : Main / Méthode : main
21/03/2024 11:17:20 Level : SEVERE / Message : Problème de connexionCommunications link failure

The last packet sent successfully to the server was 0 milliseconds ago. The driver has not received any packets from the server. / Classe : DAO.ConnexionDAO / Méthode : <init>
21/03/2024 11:17:46 Level : INFO / Message : début pg / Classe : Main / Méthode : main
21/03/2024 11:17:47 Level : INFO / Message : fin pg / Classe : Main / Méthode : main
21/03/2024 11:18:09 Level : SEVERE / Message : Error IO : La raison social existe déja / Classe : View.Formulaire$4 / Méthode : actionPerformed
21/03/2024 11:18:11 Level : SEVERE / Message : Error IO : La raison social existe déja / Classe : View.Formulaire$4 / Méthode : actionPerformed
21/03/2024 11:18:11 Level : SEVERE / Message : Error IO : La raison social existe déja / Classe : View.Formulaire$4 / Méthode : actionPerformed
21/03/2024 11:18:11 Level : SEVERE / Message : Error IO : La raison social existe déja / Classe : View.Formulaire$4 / Méthode : actionPerformed
21/03/2024 11:18:11 Level : SEVERE / Message : Error IO : La raison social existe déja / Classe : View.Formulaire$4 / Méthode : actionPerformed
21/03/2024 11:18:11 Level : SEVERE / Message : Error IO : La raison social existe déja / Classe : View.Formulaire$4 / Méthode : actionPerformed
21/03/2024 11:18:12 Level : SEVERE / Message : Error IO : La raison social existe déja / Classe : View.Formulaire$4 / Méthode : actionPerformed
21/03/2024 11:18:12 Level : SEVERE / Message : Error IO : La raison social existe déja / Classe : View.Formulaire$4 / Méthode : actionPerformed
21/03/2024 11:18:12 Level : SEVERE / Message : Error IO : La raison social existe déja / Classe : View.Formulaire$4 / Méthode : actionPerformed
21/03/2024 11:18:12 Level : SEVERE / Message : Error IO : La raison social existe déja / Classe : View.Formulaire$4 / Méthode : actionPerformed
21/03/2024 11:18:12 Level : SEVERE / Message : Error IO : La raison social existe déja / Classe : View.Formulaire$4 / Méthode : actionPerformed
21/03/2024 11:18:12 Level : SEVERE / Message : Error IO : La raison social existe déja / Classe : View.Formulaire$4 / Méthode : actionPerformed
21/03/2024 11:21:24 Level : INFO / Message : début pg / Classe : Main / Méthode : main
21/03/2024 11:21:25 Level : INFO / Message : fin pg / Classe : Main / Méthode : main
21/03/2024 11:48:12 Level : INFO / Message : début pg / Classe : Main / Méthode : main
21/03/2024 11:48:13 Level : INFO / Message : fin pg / Classe : Main / Méthode : main
21/03/2024 11:49:37 Level : SEVERE / Message : Error : For input string: "12343242345" / Classe : View.Formulaire$4 / Méthode : actionPerformed
21/03/2024 11:56:05 Level : INFO / Message : début pg / Classe : Main / Méthode : main
21/03/2024 11:56:06 Level : INFO / Message : fin pg / Classe : Main / Méthode : main
21/03/2024 11:58:33 Level : SEVERE / Message : Error : Le champ 'Téléphone' doit être supérieur à 10 chiffres / Classe : View.Formulaire$4 / Méthode : actionPerformed
21/03/2024 14:02:51 Level : INFO / Message : début pg / Classe : Main / Méthode : main
21/03/2024 14:02:53 Level : INFO / Message : fin pg / Classe : Main / Méthode : main
21/03/2024 14:02:54 Level : SEVERE / Message : Problème de connexionCommunications link failure

The last packet sent successfully to the server was 0 milliseconds ago. The driver has not received any packets from the server. / Classe : DAO.ConnexionDAO / Méthode : <init>
21/03/2024 14:03:42 Level : INFO / Message : début pg / Classe : Main / Méthode : main
21/03/2024 14:03:43 Level : INFO / Message : fin pg / Classe : Main / Méthode : main
21/03/2024 14:04:21 Level : SEVERE / Message : Error : Text '23/05' could not be parsed at index 5 / Classe : View.Formulaire$4 / Méthode : actionPerformed
21/03/2024 14:24:05 Level : INFO / Message : début pg / Classe : Main / Méthode : main
21/03/2024 14:24:06 Level : INFO / Message : fin pg / Classe : Main / Méthode : main
21/03/2024 14:24:15 Level : SEVERE / Message : Error : Text '23/0' could not be parsed at index 3 / Classe : View.Formulaire$4 / Méthode : actionPerformed
21/03/2024 14:28:51 Level : INFO / Message : début pg / Classe : Main / Méthode : main
21/03/2024 14:28:52 Level : INFO / Message : fin pg / Classe : Main / Méthode : main
21/03/2024 14:29:00 Level : SEVERE / Message : Error : Text '23/05' could not be parsed at index 5 / Classe : View.Formulaire$4 / Méthode : actionPerformed
21/03/2024 14:29:54 Level : INFO / Message : début pg / Classe : Main / Méthode : main
21/03/2024 14:29:55 Level : INFO / Message : fin pg / Classe : Main / Méthode : main
21/03/2024 14:30:03 Level : SEVERE / Message : Error : Text '23/0' could not be parsed at index 3 / Classe : View.Formulaire$4 / Méthode : actionPerformed
21/03/2024 14:33:55 Level : INFO / Message : début pg / Classe : Main / Méthode : main
21/03/2024 14:33:56 Level : INFO / Message : fin pg / Classe : Main / Méthode : main
21/03/2024 14:34:50 Level : SEVERE / Message : Error : Text '12/21' could not be parsed at index 5 / Classe : View.Formulaire$4 / Méthode : actionPerformed
21/03/2024 14:35:48 Level : INFO / Message : début pg / Classe : Main / Méthode : main
21/03/2024 14:35:49 Level : INFO / Message : fin pg / Classe : Main / Méthode : main
21/03/2024 14:36:37 Level : SEVERE / Message : Error : L'adresse email n'est pas valide / Classe : View.Formulaire$4 / Méthode : actionPerformed
21/03/2024 14:37:25 Level : INFO / Message : début pg / Classe : Main / Méthode : main
21/03/2024 14:37:26 Level : INFO / Message : fin pg / Classe : Main / Méthode : main
21/03/2024 14:38:05 Level : SEVERE / Message : Error : L'adresse email n'est pas valide / Classe : View.Formulaire$4 / Méthode : actionPerformed
21/03/2024 14:48:29 Level : INFO / Message : début pg / Classe : Main / Méthode : main
21/03/2024 14:48:30 Level : INFO / Message : fin pg / Classe : Main / Méthode : main
21/03/2024 14:49:04 Level : SEVERE / Message : Error : L'adresse email n'est pas valide / Classe : View.Formulaire$4 / Méthode : actionPerformed
21/03/2024 14:50:37 Level : SEVERE / Message : Error : For input string: "890.2" / Classe : View.Formulaire$4 / Méthode : actionPerformed
21/03/2024 14:50:45 Level : SEVERE / Message : Error : For input string: "890,222" / Classe : View.Formulaire$4 / Méthode : actionPerformed
21/03/2024 14:51:37 Level : SEVERE / Message : Error : For input string: "890,222" / Classe : View.Formulaire$4 / Méthode : actionPerformed
21/03/2024 14:53:49 Level : INFO / Message : début pg / Classe : Main / Méthode : main
21/03/2024 14:53:49 Level : INFO / Message : fin pg / Classe : Main / Méthode : main
21/03/2024 15:02:01 Level : INFO / Message : début pg / Classe : Main / Méthode : main
21/03/2024 15:02:02 Level : INFO / Message : fin pg / Classe : Main / Méthode : main
21/03/2024 15:02:32 Level : SEVERE / Message : Problème de connexionCommunications link failure

The last packet successfully received from the server was 26 149 milliseconds ago. The last packet sent successfully to the server was 26 149 milliseconds ago. / Classe : DAO.ProspectDAO / Méthode : updateProspect
21/03/2024 15:06:23 Level : INFO / Message : début pg / Classe : Main / Méthode : main
21/03/2024 15:06:24 Level : INFO / Message : fin pg / Classe : Main / Méthode : main
21/03/2024 15:06:37 Level : SEVERE / Message : Problème de connexionCommunications link failure

The last packet successfully received from the server was 8 073 milliseconds ago. The last packet sent successfully to the server was 8 074 milliseconds ago. / Classe : DAO.ProspectDAO / Méthode : updateProspect
21/03/2024 15:45:06 Level : INFO / Message : début pg / Classe : Main / Méthode : main
21/03/2024 15:45:08 Level : INFO / Message : fin pg / Classe : Main / Méthode : main
21/03/2024 15:45:18 Level : SEVERE / Message : Error : L'adresse email n'est pas valide / Classe : View.Formulaire$4 / Méthode : actionPerformed
21/03/2024 15:45:33 Level : INFO / Message : début pg / Classe : Main / Méthode : main
21/03/2024 15:45:34 Level : INFO / Message : fin pg / Classe : Main / Méthode : main
21/03/2024 15:45:47 Level : SEVERE / Message : Error : Le champ 'Téléphone' doit être supérieur à 10 chiffres / Classe : View.Formulaire$4 / Méthode : actionPerformed
21/03/2024 15:46:35 Level : INFO / Message : début pg / Classe : Main / Méthode : main
21/03/2024 15:46:36 Level : INFO / Message : fin pg / Classe : Main / Méthode : main
21/03/2024 15:46:44 Level : SEVERE / Message : Error : L'adresse email n'est pas valide / Classe : View.Formulaire$4 / Méthode : actionPerformed
21/03/2024 15:53:41 Level : INFO / Message : début pg / Classe : Main / Méthode : main
21/03/2024 15:53:42 Level : INFO / Message : fin pg / Classe : Main / Méthode : main
21/03/2024 15:58:08 Level : INFO / Message : début pg / Classe : Main / Méthode : main
21/03/2024 15:58:09 Level : INFO / Message : fin pg / Classe : Main / Méthode : main
21/03/2024 15:58:15 Level : SEVERE / Message : Problème de connexionCommunications link failure

The last packet sent successfully to the server was 0 milliseconds ago. The driver has not received any packets from the server. / Classe : DAO.ConnexionDAO / Méthode : <init>
21/03/2024 15:58:31 Level : INFO / Message : début pg / Classe : Main / Méthode : main
21/03/2024 15:58:32 Level : INFO / Message : fin pg / Classe : Main / Méthode : main
21/03/2024 15:59:23 Level : INFO / Message : début pg / Classe : Main / Méthode : main
21/03/2024 15:59:24 Level : INFO / Message : fin pg / Classe : Main / Méthode : main
21/03/2024 16:00:07 Level : SEVERE / Message : Error : L'adresse email n'est pas valide / Classe : View.Formulaire$4 / Méthode : actionPerformed
21/03/2024 16:02:23 Level : INFO / Message : début pg / Classe : Main / Méthode : main
21/03/2024 16:02:24 Level : INFO / Message : fin pg / Classe : Main / Méthode : main
21/03/2024 16:18:16 Level : INFO / Message : début pg / Classe : Main / Méthode : main
21/03/2024 16:18:17 Level : INFO / Message : fin pg / Classe : Main / Méthode : main
21/03/2024 16:18:25 Level : SEVERE / Message : Problème de connexionCommunications link failure

The last packet sent successfully to the server was 0 milliseconds ago. The driver has not received any packets from the server. / Classe : DAO.ConnexionDAO / Méthode : <init>
21/03/2024 16:18:38 Level : INFO / Message : début pg / Classe : Main / Méthode : main
21/03/2024 16:18:39 Level : INFO / Message : fin pg / Classe : Main / Méthode : main
21/03/2024 16:18:41 Level : SEVERE / Message : Problème de connexionCommunications link failure

The last packet sent successfully to the server was 0 milliseconds ago. The driver has not received any packets from the server. / Classe : DAO.ConnexionDAO / Méthode : <init>
21/03/2024 16:18:49 Level : INFO / Message : début pg / Classe : Main / Méthode : main
21/03/2024 16:18:50 Level : INFO / Message : fin pg / Classe : Main / Méthode : main
21/03/2024 16:19:09 Level : SEVERE / Message : Problème de connexionCommunications link failure

The last packet successfully received from the server was 6 909 milliseconds ago. The last packet sent successfully to the server was 6 910 milliseconds ago. / Classe : DAO.ProspectDAO / Méthode : findByName
21/03/2024 16:19:41 Level : INFO / Message : début pg / Classe : Main / Méthode : main
21/03/2024 16:19:42 Level : INFO / Message : fin pg / Classe : Main / Méthode : main
21/03/2024 16:19:43 Level : SEVERE / Message : Problème de connexionCommunications link failure

The last packet sent successfully to the server was 0 milliseconds ago. The driver has not received any packets from the server. / Classe : DAO.ConnexionDAO / Méthode : <init>
21/03/2024 16:19:49 Level : INFO / Message : début pg / Classe : Main / Méthode : main
21/03/2024 16:19:50 Level : INFO / Message : fin pg / Classe : Main / Méthode : main
21/03/2024 16:20:04 Level : SEVERE / Message : Problème de connexionCommunications link failure

The last packet successfully received from the server was 6 040 milliseconds ago. The last packet sent successfully to the server was 6 049 milliseconds ago. / Classe : DAO.ProspectDAO / Méthode : findByName
21/03/2024 16:20:20 Level : INFO / Message : début pg / Classe : Main / Méthode : main
21/03/2024 16:20:21 Level : INFO / Message : fin pg / Classe : Main / Méthode : main
21/03/2024 16:20:28 Level : SEVERE / Message : Problème de connexionCommunications link failure

The last packet successfully received from the server was 5 287 milliseconds ago. The last packet sent successfully to the server was 5 296 milliseconds ago. / Classe : DAO.ProspectDAO / Méthode : findByName
21/03/2024 16:21:45 Level : INFO / Message : début pg / Classe : Main / Méthode : main
21/03/2024 16:21:46 Level : INFO / Message : fin pg / Classe : Main / Méthode : main
21/03/2024 16:21:48 Level : SEVERE / Message : Problème de connexionCommunications link failure

The last packet sent successfully to the server was 0 milliseconds ago. The driver has not received any packets from the server. / Classe : DAO.ConnexionDAO / Méthode : <init>
21/03/2024 16:21:54 Level : INFO / Message : début pg / Classe : Main / Méthode : main
21/03/2024 16:21:55 Level : INFO / Message : fin pg / Classe : Main / Méthode : main
21/03/2024 16:22:10 Level : SEVERE / Message : Problème de connexionCommunications link failure

The last packet successfully received from the server was 7 556 milliseconds ago. The last packet sent successfully to the server was 7 563 milliseconds ago. / Classe : DAO.ProspectDAO / Méthode : findByName
21/03/2024 16:24:01 Level : INFO / Message : début pg / Classe : Main / Méthode : main
21/03/2024 16:24:02 Level : INFO / Message : fin pg / Classe : Main / Méthode : main
21/03/2024 16:24:11 Level : SEVERE / Message : Problème de connexionCommunications link failure

The last packet sent successfully to the server was 0 milliseconds ago. The driver has not received any packets from the server. / Classe : DAO.ConnexionDAO / Méthode : <init>
21/03/2024 16:24:36 Level : INFO / Message : début pg / Classe : Main / Méthode : main
21/03/2024 16:24:37 Level : INFO / Message : fin pg / Classe : Main / Méthode : main
21/03/2024 16:24:39 Level : SEVERE / Message : Problème de connexionCommunications link failure

The last packet sent successfully to the server was 0 milliseconds ago. The driver has not received any packets from the server. / Classe : DAO.ConnexionDAO / Méthode : <init>
21/03/2024 16:24:48 Level : INFO / Message : début pg / Classe : Main / Méthode : main
21/03/2024 16:24:48 Level : INFO / Message : fin pg / Classe : Main / Méthode : main
22/03/2024 08:14:40 Level : INFO / Message : début pg / Classe : Main / Méthode : main
22/03/2024 08:14:43 Level : INFO / Message : fin pg / Classe : Main / Méthode : main
22/03/2024 08:28:27 Level : INFO / Message : début pg / Classe : Main / Méthode : main
22/03/2024 08:28:28 Level : INFO / Message : fin pg / Classe : Main / Méthode : main
22/03/2024 08:29:57 Level : INFO / Message : début pg / Classe : Main / Méthode : main
22/03/2024 08:29:58 Level : INFO / Message : fin pg / Classe : Main / Méthode : main
22/03/2024 08:30:35 Level : INFO / Message : début pg / Classe : Main / Méthode : main
22/03/2024 08:30:36 Level : INFO / Message : fin pg / Classe : Main / Méthode : main
22/03/2024 08:31:21 Level : INFO / Message : début pg / Classe : Main / Méthode : main
22/03/2024 08:31:22 Level : INFO / Message : fin pg / Classe : Main / Méthode : main
22/03/2024 08:42:40 Level : INFO / Message : début pg / Classe : Main / Méthode : main
22/03/2024 08:42:41 Level : INFO / Message : fin pg / Classe : Main / Méthode : main
22/03/2024 08:42:45 Level : SEVERE / Message : Problème de connexionCommunications link failure

The last packet sent successfully to the server was 0 milliseconds ago. The driver has not received any packets from the server. / Classe : DAO.ConnexionDAO / Méthode : <init>
22/03/2024 08:50:53 Level : INFO / Message : début pg / Classe : Main / Méthode : main
22/03/2024 08:50:54 Level : INFO / Message : fin pg / Classe : Main / Méthode : main
22/03/2024 09:30:44 Level : INFO / Message : début pg / Classe : Main / Méthode : main
22/03/2024 09:30:45 Level : INFO / Message : fin pg / Classe : Main / Méthode : main
22/03/2024 09:30:51 Level : SEVERE / Message : Problème de connexion Unknown column 'RAISON_SOCIALE' in 'field list' / Classe : DAO.ClientDAO / Méthode : findAll
22/03/2024 09:31:36 Level : INFO / Message : début pg / Classe : Main / Méthode : main
22/03/2024 09:31:37 Level : INFO / Message : fin pg / Classe : Main / Méthode : main
22/03/2024 09:31:38 Level : SEVERE / Message : Problème de connexion Access denied for user 'monuser@%'@'localhost' (using password: YES) / Classe : DAO.ConnexionDAO / Méthode : <init>
22/03/2024 09:32:03 Level : INFO / Message : début pg / Classe : Main / Méthode : main
22/03/2024 09:32:04 Level : INFO / Message : fin pg / Classe : Main / Méthode : main
22/03/2024 09:33:51 Level : SEVERE / Message : Problème de connexion Unknown column 'RAISON_SOCIALE' in 'field list' / Classe : DAO.ClientDAO / Méthode : findAll
22/03/2024 09:33:59 Level : INFO / Message : début pg / Classe : Main / Méthode : main
22/03/2024 09:34:00 Level : INFO / Message : fin pg / Classe : Main / Méthode : main
22/03/2024 09:34:02 Level : SEVERE / Message : Problème de connexion Unknown column 'RAISON_SOCIALE' in 'field list' / Classe : DAO.ClientDAO / Méthode : findAll
22/03/2024 09:35:15 Level : INFO / Message : début pg / Classe : Main / Méthode : main
22/03/2024 09:35:16 Level : INFO / Message : fin pg / Classe : Main / Méthode : main
22/03/2024 09:35:31 Level : SEVERE / Message : Problème de connexion Unknown column 'RAISON_SOCIALE' in 'field list' / Classe : DAO.ClientDAO / Méthode : findAll
22/03/2024 09:37:07 Level : INFO / Message : début pg / Classe : Main / Méthode : main
22/03/2024 09:37:08 Level : INFO / Message : fin pg / Classe : Main / Méthode : main
22/03/2024 09:37:10 Level : SEVERE / Message : Problème de connexion Unknown column 'RAISON_SOCIALE' in 'field list' / Classe : DAO.ClientDAO / Méthode : findAll
22/03/2024 09:37:17 Level : INFO / Message : début pg / Classe : Main / Méthode : main
22/03/2024 09:37:18 Level : INFO / Message : fin pg / Classe : Main / Méthode : main
22/03/2024 09:37:43 Level : SEVERE / Message : Problème de connexion Unknown column 'RAISON_SOCIALE' in 'field list' / Classe : DAO.ClientDAO / Méthode : findAll
22/03/2024 09:38:20 Level : INFO / Message : début pg / Classe : Main / Méthode : main
22/03/2024 09:38:21 Level : INFO / Message : fin pg / Classe : Main / Méthode : main
22/03/2024 09:38:23 Level : SEVERE / Message : Problème de connexion Unknown column 'RAISON_SOCIALE' in 'field list' / Classe : DAO.ClientDAO / Méthode : findAll
22/03/2024 09:40:20 Level : INFO / Message : début pg / Classe : Main / Méthode : main
22/03/2024 09:40:21 Level : INFO / Message : fin pg / Classe : Main / Méthode : main
22/03/2024 09:41:28 Level : SEVERE / Message : Error : Cannot invoke "Object.toString()" because the return value of "javax.swing.JComboBox.getSelectedItem()" is null / Classe : View.Acceuil$7 / Méthode : actionPerformed
22/03/2024 09:41:31 Level : INFO / Message : début pg / Classe : Main / Méthode : main
22/03/2024 09:41:32 Level : INFO / Message : fin pg / Classe : Main / Méthode : main
22/03/2024 09:41:37 Level : SEVERE / Message : Error : Cannot invoke "Object.toString()" because the return value of "javax.swing.JComboBox.getSelectedItem()" is null / Classe : View.Acceuil$7 / Méthode : actionPerformed
22/03/2024 09:41:54 Level : INFO / Message : début pg / Classe : Main / Méthode : main
22/03/2024 09:41:55 Level : INFO / Message : fin pg / Classe : Main / Méthode : main
22/03/2024 09:41:59 Level : SEVERE / Message : Error : Cannot invoke "Object.toString()" because the return value of "javax.swing.JComboBox.getSelectedItem()" is null / Classe : View.Acceuil$7 / Méthode : actionPerformed
22/03/2024 09:42:15 Level : INFO / Message : début pg / Classe : Main / Méthode : main
22/03/2024 09:42:16 Level : INFO / Message : fin pg / Classe : Main / Méthode : main
22/03/2024 09:42:19 Level : SEVERE / Message : Problème de connexion Access denied for user 'monuser@%'@'localhost' (using password: YES) / Classe : DAO.ConnexionDAO / Méthode : <init>
22/03/2024 09:42:26 Level : INFO / Message : début pg / Classe : Main / Méthode : main
22/03/2024 09:42:27 Level : INFO / Message : fin pg / Classe : Main / Méthode : main
22/03/2024 09:48:31 Level : INFO / Message : début pg / Classe : Main / Méthode : main
22/03/2024 09:48:32 Level : INFO / Message : fin pg / Classe : Main / Méthode : main
22/03/2024 09:50:26 Level : INFO / Message : début pg / Classe : Main / Méthode : main
22/03/2024 09:50:26 Level : INFO / Message : fin pg / Classe : Main / Méthode : main
22/03/2024 09:50:31 Level : SEVERE / Message : Error : Cannot invoke "Object.toString()" because the return value of "javax.swing.JComboBox.getSelectedItem()" is null / Classe : View.Acceuil$7 / Méthode : actionPerformed
22/03/2024 09:56:57 Level : INFO / Message : début pg / Classe : Main / Méthode : main
22/03/2024 09:56:58 Level : INFO / Message : fin pg / Classe : Main / Méthode : main
22/03/2024 09:57:41 Level : INFO / Message : début pg / Classe : Main / Méthode : main
22/03/2024 09:57:42 Level : INFO / Message : fin pg / Classe : Main / Méthode : main
22/03/2024 09:59:04 Level : INFO / Message : début pg / Classe : Main / Méthode : main
22/03/2024 09:59:05 Level : INFO / Message : fin pg / Classe : Main / Méthode : main
22/03/2024 10:02:00 Level : INFO / Message : début pg / Classe : Main / Méthode : main
22/03/2024 10:02:01 Level : INFO / Message : fin pg / Classe : Main / Méthode : main
